<?xml version="1.0" encoding="UTF-8"?>
<!-- Generated by org.testng.reporters.JUnitXMLReporter -->
<testsuite ignored="0" hostname="Varad" failures="0" tests="5" name="Default test" time="6.708" errors="0" timestamp="2024-10-12T19:19:27 IST">
  <testcase classname="testCases.TC_VideoGamesAPI" name="testget_AllVideoGames" time="3.885"/>
  <testcase classname="testCases.TC_VideoGamesAPI" name="testadd_VideoGame" time="1.051"/>
  <testcase classname="testCases.TC_VideoGamesAPI" name="test_getVideoGameBy_ID" time="1.538"/>
  <testcase classname="testCases.TC_VideoGamesAPI" name="test_put_VideoGame" time="0.067"/>
  <testcase classname="testCases.TC_VideoGamesAPI" name="test_DeleteVideoGame" time="0.051"/>
</testsuite> <!-- Default test -->
