<?xml version="1.0" encoding="UTF-8"?>
<testng-results ignored="0" total="5" passed="5" failed="0" skipped="0">
  <reporter-output>
  </reporter-output>
  <suite started-at="2024-10-12T19:23:36 IST" name="Suite" finished-at="2024-10-12T19:23:43 IST" duration-ms="7371">
    <groups>
    </groups>
    <test started-at="2024-10-12T19:23:36 IST" name="Test" finished-at="2024-10-12T19:23:43 IST" duration-ms="7371">
      <class name="testCases.TC_VideoGamesAPI">
        <test-method signature="testget_AllVideoGames()[pri:1, instance:testCases.TC_VideoGamesAPI@2145b572]" started-at="2024-10-12T19:23:36 IST" name="testget_AllVideoGames" finished-at="2024-10-12T19:23:40 IST" duration-ms="4016" status="PASS">
          <reporter-output>
          </reporter-output>
        </test-method> <!-- testget_AllVideoGames -->
        <test-method signature="testadd_VideoGame()[pri:2, instance:testCases.TC_VideoGamesAPI@2145b572]" started-at="2024-10-12T19:23:40 IST" name="testadd_VideoGame" finished-at="2024-10-12T19:23:41 IST" duration-ms="1355" status="PASS">
          <reporter-output>
          </reporter-output>
        </test-method> <!-- testadd_VideoGame -->
        <test-method signature="test_getVideoGameBy_ID()[pri:3, instance:testCases.TC_VideoGamesAPI@2145b572]" started-at="2024-10-12T19:23:41 IST" name="test_getVideoGameBy_ID" finished-at="2024-10-12T19:23:43 IST" duration-ms="1769" status="PASS">
          <reporter-output>
          </reporter-output>
        </test-method> <!-- test_getVideoGameBy_ID -->
        <test-method signature="test_put_VideoGame()[pri:4, instance:testCases.TC_VideoGamesAPI@2145b572]" started-at="2024-10-12T19:23:43 IST" name="test_put_VideoGame" finished-at="2024-10-12T19:23:43 IST" duration-ms="67" status="PASS">
          <reporter-output>
          </reporter-output>
        </test-method> <!-- test_put_VideoGame -->
        <test-method signature="test_DeleteVideoGame()[pri:5, instance:testCases.TC_VideoGamesAPI@2145b572]" started-at="2024-10-12T19:23:43 IST" name="test_DeleteVideoGame" finished-at="2024-10-12T19:23:43 IST" duration-ms="51" status="PASS">
          <reporter-output>
          </reporter-output>
        </test-method> <!-- test_DeleteVideoGame -->
      </class> <!-- testCases.TC_VideoGamesAPI -->
    </test> <!-- Test -->
  </suite> <!-- Suite -->
</testng-results>
